Reading pref.tcl

# 2024.3

# vsim -c -sv_lib /home/bogdanov/altera/24.1std/questa_fse/uvm-1.2/linux_x86_64/uvm_dpi -cpppath /usr/bin/gcc smoke_top "+ram_init_file=out_2025-06-18/asm_test/riscv_arithmetic_basic_test_923447.o.mem" "+trace_log=out_2025-06-18/rtl_trace_923447.log" -do "run -all; quit" 
# Start time: 17:36:37 on Jun 18,2025
# Loading /tmp/bogdanov@apu-abo_dpi_3024532/linux_x86_64_gcc-13/export_tramp.so
# //  Questa Intel Starter FPGA Edition-64
# //  Version 2024.3 linux_x86_64 Sep 10 2024
# //
# // Unpublished work. Copyright 2024 Siemens
# //
# // This material contains trade secrets or otherwise confidential information
# // owned by Siemens Industry Software Inc. or its affiliates (collectively,
# // "SISW"), or its licensors. Access to and use of this information is strictly
# // limited as set forth in the Customer's applicable agreements with SISW.
# //
# // This material may not be copied, distributed, or otherwise disclosed outside
# // of the Customer's facilities without the express written permission of SISW,
# // and may not be used in any way not expressly authorized by SISW.
# //
# Loading sv_std.std
# Loading work.uvm_pkg(fast)
# Loading work.questa_uvm_pkg(fast)
# Loading work.tb_top(fast)
# Loading work.instruction_memory(fast)
# Loading work.data_memory(fast)
# Loading work.cpu_top(fast)
# Loading work.processor(fast)
# Loading work.CPU_controller(fast)
# Loading work.program_counter(fast)
# Loading work.multiplexor(fast)
# Loading work.adder(fast)
# Loading work.register_file(fast)
# Loading work.imm_gen(fast)
# Loading work.ALU(fast)
# Loading work.ALU_controller(fast)
# Loading work.cpu_formal_if(fast__1)
# ** Warning: (vsim-3015) [PCDPC] - Port size (4) does not match connection size (32) for port 'address'. The port definition is at: uvm_env/cpu_top.sv(20).
#    Time: 0 ps  Iteration: 0  Instance: /tb_top/dut File: uvm_env/tb_top.sv Line: 86
# ** Warning: (vsim-3015) [PCDPC] - Port size (32) does not match connection size (4) for port 'address'. The port definition is at: rtl/processor.v(15).
#    Time: 0 ps  Iteration: 0  Instance: /tb_top/dut/processor_inst File: uvm_env/cpu_top.sv Line: 31
# Compiling /tmp/bogdanov@apu-abo_dpi_3024532/linux_x86_64_gcc-13/exportwrapper.c
# Loading /tmp/bogdanov@apu-abo_dpi_3024532/linux_x86_64_gcc-13/vsim_auto_compile.so
# Loading /home/bogdanov/altera/24.1std/questa_fse/uvm-1.2/linux_x86_64/uvm_dpi.so
# run -all
# UVM_INFO /home/bogdanov/altera/24.1std/questa_fse/verilog_src/uvm-1.2/src/base/uvm_root.svh(392) @ 0: reporter [UVM/RELNOTES] 
# ----------------------------------------------------------------
# UVM-1.2
# (C) 2007-2014 Mentor Graphics Corporation
# (C) 2007-2014 Cadence Design Systems, Inc.
# (C) 2006-2014 Synopsys, Inc.
# (C) 2011-2013 Cypress Semiconductor Corp.
# (C) 2013-2014 NVIDIA Corporation
# ----------------------------------------------------------------
# 
#   ***********       IMPORTANT RELEASE NOTES         ************
# 
#   You are using a version of the UVM library that has been compiled
#   with `UVM_NO_DEPRECATED undefined.
#   See http://www.eda.org/svdb/view.php?id=3313 for more details.
# 
#   You are using a version of the UVM library that has been compiled
#   with `UVM_OBJECT_DO_NOT_NEED_CONSTRUCTOR undefined.
#   See http://www.eda.org/svdb/view.php?id=3770 for more details.
# 
#       (Specify +UVM_NO_RELNOTES to turn off this notice)
# 
# UVM_INFO /home/bogdanov/altera/24.1std/questa_fse/verilog_src/questa_uvm_pkg-1.2/src/questa_uvm_pkg.sv(277) @ 0: reporter [Questa UVM] QUESTA_UVM-1.2.3
# UVM_INFO /home/bogdanov/altera/24.1std/questa_fse/verilog_src/questa_uvm_pkg-1.2/src/questa_uvm_pkg.sv(278) @ 0: reporter [Questa UVM]  questa_uvm::init(+struct)
# [TB] Loading RAM init file: out_2025-06-18/asm_test/riscv_arithmetic_basic_test_923447.o.mem
# [TB] Opening trace log for writing: out_2025-06-18/rtl_trace_923447.log
# ECALL instruction detected at PC=0x800038b0. Finishing simulation.
# ** Note: $finish    : uvm_env/tb_top.sv(128)
#    Time: 36305 ns  Iteration: 0  Instance: /tb_top
# End time: 17:36:38 on Jun 18,2025, Elapsed time: 0:00:01
# Errors: 0, Warnings: 2
Reading pref.tcl

# 2024.3

# vsim -c -sv_lib /home/bogdanov/altera/24.1std/questa_fse/uvm-1.2/linux_x86_64/uvm_dpi -cpppath /usr/bin/gcc smoke_top "+ram_init_file=out_2025-06-18/asm_test/riscv_arithmetic_basic_test_212120.o.mem" "+trace_log=out_2025-06-18/rtl_trace_212120.log" -do "run -all; quit" 
# Start time: 17:36:39 on Jun 18,2025
# Loading /tmp/bogdanov@apu-abo_dpi_3024632/linux_x86_64_gcc-13/export_tramp.so
# //  Questa Intel Starter FPGA Edition-64
# //  Version 2024.3 linux_x86_64 Sep 10 2024
# //
# // Unpublished work. Copyright 2024 Siemens
# //
# // This material contains trade secrets or otherwise confidential information
# // owned by Siemens Industry Software Inc. or its affiliates (collectively,
# // "SISW"), or its licensors. Access to and use of this information is strictly
# // limited as set forth in the Customer's applicable agreements with SISW.
# //
# // This material may not be copied, distributed, or otherwise disclosed outside
# // of the Customer's facilities without the express written permission of SISW,
# // and may not be used in any way not expressly authorized by SISW.
# //
# Loading sv_std.std
# Loading work.uvm_pkg(fast)
# Loading work.questa_uvm_pkg(fast)
# Loading work.tb_top(fast)
# Loading work.instruction_memory(fast)
# Loading work.data_memory(fast)
# Loading work.cpu_top(fast)
# Loading work.processor(fast)
# Loading work.CPU_controller(fast)
# Loading work.program_counter(fast)
# Loading work.multiplexor(fast)
# Loading work.adder(fast)
# Loading work.register_file(fast)
# Loading work.imm_gen(fast)
# Loading work.ALU(fast)
# Loading work.ALU_controller(fast)
# Loading work.cpu_formal_if(fast__1)
# ** Warning: (vsim-3015) [PCDPC] - Port size (4) does not match connection size (32) for port 'address'. The port definition is at: uvm_env/cpu_top.sv(20).
#    Time: 0 ps  Iteration: 0  Instance: /tb_top/dut File: uvm_env/tb_top.sv Line: 86
# ** Warning: (vsim-3015) [PCDPC] - Port size (32) does not match connection size (4) for port 'address'. The port definition is at: rtl/processor.v(15).
#    Time: 0 ps  Iteration: 0  Instance: /tb_top/dut/processor_inst File: uvm_env/cpu_top.sv Line: 31
# Compiling /tmp/bogdanov@apu-abo_dpi_3024632/linux_x86_64_gcc-13/exportwrapper.c
# Loading /tmp/bogdanov@apu-abo_dpi_3024632/linux_x86_64_gcc-13/vsim_auto_compile.so
# Loading /home/bogdanov/altera/24.1std/questa_fse/uvm-1.2/linux_x86_64/uvm_dpi.so
# run -all
# UVM_INFO /home/bogdanov/altera/24.1std/questa_fse/verilog_src/uvm-1.2/src/base/uvm_root.svh(392) @ 0: reporter [UVM/RELNOTES] 
# ----------------------------------------------------------------
# UVM-1.2
# (C) 2007-2014 Mentor Graphics Corporation
# (C) 2007-2014 Cadence Design Systems, Inc.
# (C) 2006-2014 Synopsys, Inc.
# (C) 2011-2013 Cypress Semiconductor Corp.
# (C) 2013-2014 NVIDIA Corporation
# ----------------------------------------------------------------
# 
#   ***********       IMPORTANT RELEASE NOTES         ************
# 
#   You are using a version of the UVM library that has been compiled
#   with `UVM_NO_DEPRECATED undefined.
#   See http://www.eda.org/svdb/view.php?id=3313 for more details.
# 
#   You are using a version of the UVM library that has been compiled
#   with `UVM_OBJECT_DO_NOT_NEED_CONSTRUCTOR undefined.
#   See http://www.eda.org/svdb/view.php?id=3770 for more details.
# 
#       (Specify +UVM_NO_RELNOTES to turn off this notice)
# 
# UVM_INFO /home/bogdanov/altera/24.1std/questa_fse/verilog_src/questa_uvm_pkg-1.2/src/questa_uvm_pkg.sv(277) @ 0: reporter [Questa UVM] QUESTA_UVM-1.2.3
# UVM_INFO /home/bogdanov/altera/24.1std/questa_fse/verilog_src/questa_uvm_pkg-1.2/src/questa_uvm_pkg.sv(278) @ 0: reporter [Questa UVM]  questa_uvm::init(+struct)
# [TB] Loading RAM init file: out_2025-06-18/asm_test/riscv_arithmetic_basic_test_212120.o.mem
# [TB] Opening trace log for writing: out_2025-06-18/rtl_trace_212120.log
# ECALL instruction detected at PC=0x800036dc. Finishing simulation.
# ** Note: $finish    : uvm_env/tb_top.sv(128)
#    Time: 35135 ns  Iteration: 0  Instance: /tb_top
# End time: 17:36:40 on Jun 18,2025, Elapsed time: 0:00:01
# Errors: 0, Warnings: 2
Reading pref.tcl

# 2024.3

# vsim -c -sv_lib /home/bogdanov/altera/24.1std/questa_fse/uvm-1.2/linux_x86_64/uvm_dpi -cpppath /usr/bin/gcc smoke_top "+ram_init_file=out_2025-06-18/asm_test/riscv_arithmetic_basic_test_96726.o.mem" "+trace_log=out_2025-06-18/rtl_trace_96726.log" -do "run -all; quit" 
# Start time: 17:36:40 on Jun 18,2025
# Loading /tmp/bogdanov@apu-abo_dpi_3024732/linux_x86_64_gcc-13/export_tramp.so
# //  Questa Intel Starter FPGA Edition-64
# //  Version 2024.3 linux_x86_64 Sep 10 2024
# //
# // Unpublished work. Copyright 2024 Siemens
# //
# // This material contains trade secrets or otherwise confidential information
# // owned by Siemens Industry Software Inc. or its affiliates (collectively,
# // "SISW"), or its licensors. Access to and use of this information is strictly
# // limited as set forth in the Customer's applicable agreements with SISW.
# //
# // This material may not be copied, distributed, or otherwise disclosed outside
# // of the Customer's facilities without the express written permission of SISW,
# // and may not be used in any way not expressly authorized by SISW.
# //
# Loading sv_std.std
# Loading work.uvm_pkg(fast)
# Loading work.questa_uvm_pkg(fast)
# Loading work.tb_top(fast)
# Loading work.instruction_memory(fast)
# Loading work.data_memory(fast)
# Loading work.cpu_top(fast)
# Loading work.processor(fast)
# Loading work.CPU_controller(fast)
# Loading work.program_counter(fast)
# Loading work.multiplexor(fast)
# Loading work.adder(fast)
# Loading work.register_file(fast)
# Loading work.imm_gen(fast)
# Loading work.ALU(fast)
# Loading work.ALU_controller(fast)
# Loading work.cpu_formal_if(fast__1)
# ** Warning: (vsim-3015) [PCDPC] - Port size (4) does not match connection size (32) for port 'address'. The port definition is at: uvm_env/cpu_top.sv(20).
#    Time: 0 ps  Iteration: 0  Instance: /tb_top/dut File: uvm_env/tb_top.sv Line: 86
# ** Warning: (vsim-3015) [PCDPC] - Port size (32) does not match connection size (4) for port 'address'. The port definition is at: rtl/processor.v(15).
#    Time: 0 ps  Iteration: 0  Instance: /tb_top/dut/processor_inst File: uvm_env/cpu_top.sv Line: 31
# Compiling /tmp/bogdanov@apu-abo_dpi_3024732/linux_x86_64_gcc-13/exportwrapper.c
# Loading /tmp/bogdanov@apu-abo_dpi_3024732/linux_x86_64_gcc-13/vsim_auto_compile.so
# Loading /home/bogdanov/altera/24.1std/questa_fse/uvm-1.2/linux_x86_64/uvm_dpi.so
# run -all
# UVM_INFO /home/bogdanov/altera/24.1std/questa_fse/verilog_src/uvm-1.2/src/base/uvm_root.svh(392) @ 0: reporter [UVM/RELNOTES] 
# ----------------------------------------------------------------
# UVM-1.2
# (C) 2007-2014 Mentor Graphics Corporation
# (C) 2007-2014 Cadence Design Systems, Inc.
# (C) 2006-2014 Synopsys, Inc.
# (C) 2011-2013 Cypress Semiconductor Corp.
# (C) 2013-2014 NVIDIA Corporation
# ----------------------------------------------------------------
# 
#   ***********       IMPORTANT RELEASE NOTES         ************
# 
#   You are using a version of the UVM library that has been compiled
#   with `UVM_NO_DEPRECATED undefined.
#   See http://www.eda.org/svdb/view.php?id=3313 for more details.
# 
#   You are using a version of the UVM library that has been compiled
#   with `UVM_OBJECT_DO_NOT_NEED_CONSTRUCTOR undefined.
#   See http://www.eda.org/svdb/view.php?id=3770 for more details.
# 
#       (Specify +UVM_NO_RELNOTES to turn off this notice)
# 
# UVM_INFO /home/bogdanov/altera/24.1std/questa_fse/verilog_src/questa_uvm_pkg-1.2/src/questa_uvm_pkg.sv(277) @ 0: reporter [Questa UVM] QUESTA_UVM-1.2.3
# UVM_INFO /home/bogdanov/altera/24.1std/questa_fse/verilog_src/questa_uvm_pkg-1.2/src/questa_uvm_pkg.sv(278) @ 0: reporter [Questa UVM]  questa_uvm::init(+struct)
# [TB] Loading RAM init file: out_2025-06-18/asm_test/riscv_arithmetic_basic_test_96726.o.mem
# [TB] Opening trace log for writing: out_2025-06-18/rtl_trace_96726.log
# ECALL instruction detected at PC=0x80002580. Finishing simulation.
# ** Note: $finish    : uvm_env/tb_top.sv(128)
#    Time: 24025 ns  Iteration: 0  Instance: /tb_top
# End time: 17:36:41 on Jun 18,2025, Elapsed time: 0:00:01
# Errors: 0, Warnings: 2
Reading pref.tcl

# 2024.3

# vsim -c -sv_lib /home/bogdanov/altera/24.1std/questa_fse/uvm-1.2/linux_x86_64/uvm_dpi -cpppath /usr/bin/gcc smoke_top "+ram_init_file=out_2025-06-18/asm_test/riscv_arithmetic_basic_test_454664.o.mem" "+trace_log=out_2025-06-18/rtl_trace_454664.log" -do "run -all; quit" 
# Start time: 17:36:42 on Jun 18,2025
# Loading /tmp/bogdanov@apu-abo_dpi_3024841/linux_x86_64_gcc-13/export_tramp.so
# //  Questa Intel Starter FPGA Edition-64
# //  Version 2024.3 linux_x86_64 Sep 10 2024
# //
# // Unpublished work. Copyright 2024 Siemens
# //
# // This material contains trade secrets or otherwise confidential information
# // owned by Siemens Industry Software Inc. or its affiliates (collectively,
# // "SISW"), or its licensors. Access to and use of this information is strictly
# // limited as set forth in the Customer's applicable agreements with SISW.
# //
# // This material may not be copied, distributed, or otherwise disclosed outside
# // of the Customer's facilities without the express written permission of SISW,
# // and may not be used in any way not expressly authorized by SISW.
# //
# Loading sv_std.std
# Loading work.uvm_pkg(fast)
# Loading work.questa_uvm_pkg(fast)
# Loading work.tb_top(fast)
# Loading work.instruction_memory(fast)
# Loading work.data_memory(fast)
# Loading work.cpu_top(fast)
# Loading work.processor(fast)
# Loading work.CPU_controller(fast)
# Loading work.program_counter(fast)
# Loading work.multiplexor(fast)
# Loading work.adder(fast)
# Loading work.register_file(fast)
# Loading work.imm_gen(fast)
# Loading work.ALU(fast)
# Loading work.ALU_controller(fast)
# Loading work.cpu_formal_if(fast__1)
# ** Warning: (vsim-3015) [PCDPC] - Port size (4) does not match connection size (32) for port 'address'. The port definition is at: uvm_env/cpu_top.sv(20).
#    Time: 0 ps  Iteration: 0  Instance: /tb_top/dut File: uvm_env/tb_top.sv Line: 86
# ** Warning: (vsim-3015) [PCDPC] - Port size (32) does not match connection size (4) for port 'address'. The port definition is at: rtl/processor.v(15).
#    Time: 0 ps  Iteration: 0  Instance: /tb_top/dut/processor_inst File: uvm_env/cpu_top.sv Line: 31
# Compiling /tmp/bogdanov@apu-abo_dpi_3024841/linux_x86_64_gcc-13/exportwrapper.c
# Loading /tmp/bogdanov@apu-abo_dpi_3024841/linux_x86_64_gcc-13/vsim_auto_compile.so
# Loading /home/bogdanov/altera/24.1std/questa_fse/uvm-1.2/linux_x86_64/uvm_dpi.so
# run -all
# UVM_INFO /home/bogdanov/altera/24.1std/questa_fse/verilog_src/uvm-1.2/src/base/uvm_root.svh(392) @ 0: reporter [UVM/RELNOTES] 
# ----------------------------------------------------------------
# UVM-1.2
# (C) 2007-2014 Mentor Graphics Corporation
# (C) 2007-2014 Cadence Design Systems, Inc.
# (C) 2006-2014 Synopsys, Inc.
# (C) 2011-2013 Cypress Semiconductor Corp.
# (C) 2013-2014 NVIDIA Corporation
# ----------------------------------------------------------------
# 
#   ***********       IMPORTANT RELEASE NOTES         ************
# 
#   You are using a version of the UVM library that has been compiled
#   with `UVM_NO_DEPRECATED undefined.
#   See http://www.eda.org/svdb/view.php?id=3313 for more details.
# 
#   You are using a version of the UVM library that has been compiled
#   with `UVM_OBJECT_DO_NOT_NEED_CONSTRUCTOR undefined.
#   See http://www.eda.org/svdb/view.php?id=3770 for more details.
# 
#       (Specify +UVM_NO_RELNOTES to turn off this notice)
# 
# UVM_INFO /home/bogdanov/altera/24.1std/questa_fse/verilog_src/questa_uvm_pkg-1.2/src/questa_uvm_pkg.sv(277) @ 0: reporter [Questa UVM] QUESTA_UVM-1.2.3
# UVM_INFO /home/bogdanov/altera/24.1std/questa_fse/verilog_src/questa_uvm_pkg-1.2/src/questa_uvm_pkg.sv(278) @ 0: reporter [Questa UVM]  questa_uvm::init(+struct)
# [TB] Loading RAM init file: out_2025-06-18/asm_test/riscv_arithmetic_basic_test_454664.o.mem
# [TB] Opening trace log for writing: out_2025-06-18/rtl_trace_454664.log
# ** Note: $finish    : uvm_env/tb_top.sv(82)
#    Time: 40005 ns  Iteration: 0  Instance: /tb_top
# End time: 17:36:43 on Jun 18,2025, Elapsed time: 0:00:01
# Errors: 0, Warnings: 2
Reading pref.tcl

# 2024.3

# vsim -c -sv_lib /home/bogdanov/altera/24.1std/questa_fse/uvm-1.2/linux_x86_64/uvm_dpi -cpppath /usr/bin/gcc smoke_top "+ram_init_file=out_2025-06-18/asm_test/riscv_arithmetic_basic_test_184160.o.mem" "+trace_log=out_2025-06-18/rtl_trace_184160.log" -do "run -all; quit" 
# Start time: 17:36:43 on Jun 18,2025
# Loading /tmp/bogdanov@apu-abo_dpi_3024943/linux_x86_64_gcc-13/export_tramp.so
# //  Questa Intel Starter FPGA Edition-64
# //  Version 2024.3 linux_x86_64 Sep 10 2024
# //
# // Unpublished work. Copyright 2024 Siemens
# //
# // This material contains trade secrets or otherwise confidential information
# // owned by Siemens Industry Software Inc. or its affiliates (collectively,
# // "SISW"), or its licensors. Access to and use of this information is strictly
# // limited as set forth in the Customer's applicable agreements with SISW.
# //
# // This material may not be copied, distributed, or otherwise disclosed outside
# // of the Customer's facilities without the express written permission of SISW,
# // and may not be used in any way not expressly authorized by SISW.
# //
# Loading sv_std.std
# Loading work.uvm_pkg(fast)
# Loading work.questa_uvm_pkg(fast)
# Loading work.tb_top(fast)
# Loading work.instruction_memory(fast)
# Loading work.data_memory(fast)
# Loading work.cpu_top(fast)
# Loading work.processor(fast)
# Loading work.CPU_controller(fast)
# Loading work.program_counter(fast)
# Loading work.multiplexor(fast)
# Loading work.adder(fast)
# Loading work.register_file(fast)
# Loading work.imm_gen(fast)
# Loading work.ALU(fast)
# Loading work.ALU_controller(fast)
# Loading work.cpu_formal_if(fast__1)
# ** Warning: (vsim-3015) [PCDPC] - Port size (4) does not match connection size (32) for port 'address'. The port definition is at: uvm_env/cpu_top.sv(20).
#    Time: 0 ps  Iteration: 0  Instance: /tb_top/dut File: uvm_env/tb_top.sv Line: 86
# ** Warning: (vsim-3015) [PCDPC] - Port size (32) does not match connection size (4) for port 'address'. The port definition is at: rtl/processor.v(15).
#    Time: 0 ps  Iteration: 0  Instance: /tb_top/dut/processor_inst File: uvm_env/cpu_top.sv Line: 31
# Compiling /tmp/bogdanov@apu-abo_dpi_3024943/linux_x86_64_gcc-13/exportwrapper.c
# Loading /tmp/bogdanov@apu-abo_dpi_3024943/linux_x86_64_gcc-13/vsim_auto_compile.so
# Loading /home/bogdanov/altera/24.1std/questa_fse/uvm-1.2/linux_x86_64/uvm_dpi.so
# run -all
# UVM_INFO /home/bogdanov/altera/24.1std/questa_fse/verilog_src/uvm-1.2/src/base/uvm_root.svh(392) @ 0: reporter [UVM/RELNOTES] 
# ----------------------------------------------------------------
# UVM-1.2
# (C) 2007-2014 Mentor Graphics Corporation
# (C) 2007-2014 Cadence Design Systems, Inc.
# (C) 2006-2014 Synopsys, Inc.
# (C) 2011-2013 Cypress Semiconductor Corp.
# (C) 2013-2014 NVIDIA Corporation
# ----------------------------------------------------------------
# 
#   ***********       IMPORTANT RELEASE NOTES         ************
# 
#   You are using a version of the UVM library that has been compiled
#   with `UVM_NO_DEPRECATED undefined.
#   See http://www.eda.org/svdb/view.php?id=3313 for more details.
# 
#   You are using a version of the UVM library that has been compiled
#   with `UVM_OBJECT_DO_NOT_NEED_CONSTRUCTOR undefined.
#   See http://www.eda.org/svdb/view.php?id=3770 for more details.
# 
#       (Specify +UVM_NO_RELNOTES to turn off this notice)
# 
# UVM_INFO /home/bogdanov/altera/24.1std/questa_fse/verilog_src/questa_uvm_pkg-1.2/src/questa_uvm_pkg.sv(277) @ 0: reporter [Questa UVM] QUESTA_UVM-1.2.3
# UVM_INFO /home/bogdanov/altera/24.1std/questa_fse/verilog_src/questa_uvm_pkg-1.2/src/questa_uvm_pkg.sv(278) @ 0: reporter [Questa UVM]  questa_uvm::init(+struct)
# [TB] Loading RAM init file: out_2025-06-18/asm_test/riscv_arithmetic_basic_test_184160.o.mem
# [TB] Opening trace log for writing: out_2025-06-18/rtl_trace_184160.log
# ** Note: $finish    : uvm_env/tb_top.sv(82)
#    Time: 40005 ns  Iteration: 0  Instance: /tb_top
# End time: 17:36:45 on Jun 18,2025, Elapsed time: 0:00:02
# Errors: 0, Warnings: 2
Reading pref.tcl

# 2024.3

# vsim -c -sv_lib /home/bogdanov/altera/24.1std/questa_fse/uvm-1.2/linux_x86_64/uvm_dpi -cpppath /usr/bin/gcc smoke_top "+ram_init_file=out_2025-06-18/asm_test/riscv_arithmetic_basic_test_403906.o.mem" "+trace_log=out_2025-06-18/rtl_trace_403906.log" -do "run -all; quit" 
# Start time: 17:36:45 on Jun 18,2025
# Loading /tmp/bogdanov@apu-abo_dpi_3025033/linux_x86_64_gcc-13/export_tramp.so
# //  Questa Intel Starter FPGA Edition-64
# //  Version 2024.3 linux_x86_64 Sep 10 2024
# //
# // Unpublished work. Copyright 2024 Siemens
# //
# // This material contains trade secrets or otherwise confidential information
# // owned by Siemens Industry Software Inc. or its affiliates (collectively,
# // "SISW"), or its licensors. Access to and use of this information is strictly
# // limited as set forth in the Customer's applicable agreements with SISW.
# //
# // This material may not be copied, distributed, or otherwise disclosed outside
# // of the Customer's facilities without the express written permission of SISW,
# // and may not be used in any way not expressly authorized by SISW.
# //
# Loading sv_std.std
# Loading work.uvm_pkg(fast)
# Loading work.questa_uvm_pkg(fast)
# Loading work.tb_top(fast)
# Loading work.instruction_memory(fast)
# Loading work.data_memory(fast)
# Loading work.cpu_top(fast)
# Loading work.processor(fast)
# Loading work.CPU_controller(fast)
# Loading work.program_counter(fast)
# Loading work.multiplexor(fast)
# Loading work.adder(fast)
# Loading work.register_file(fast)
# Loading work.imm_gen(fast)
# Loading work.ALU(fast)
# Loading work.ALU_controller(fast)
# Loading work.cpu_formal_if(fast__1)
# ** Warning: (vsim-3015) [PCDPC] - Port size (4) does not match connection size (32) for port 'address'. The port definition is at: uvm_env/cpu_top.sv(20).
#    Time: 0 ps  Iteration: 0  Instance: /tb_top/dut File: uvm_env/tb_top.sv Line: 86
# ** Warning: (vsim-3015) [PCDPC] - Port size (32) does not match connection size (4) for port 'address'. The port definition is at: rtl/processor.v(15).
#    Time: 0 ps  Iteration: 0  Instance: /tb_top/dut/processor_inst File: uvm_env/cpu_top.sv Line: 31
# Compiling /tmp/bogdanov@apu-abo_dpi_3025033/linux_x86_64_gcc-13/exportwrapper.c
# Loading /tmp/bogdanov@apu-abo_dpi_3025033/linux_x86_64_gcc-13/vsim_auto_compile.so
# Loading /home/bogdanov/altera/24.1std/questa_fse/uvm-1.2/linux_x86_64/uvm_dpi.so
# run -all
# UVM_INFO /home/bogdanov/altera/24.1std/questa_fse/verilog_src/uvm-1.2/src/base/uvm_root.svh(392) @ 0: reporter [UVM/RELNOTES] 
# ----------------------------------------------------------------
# UVM-1.2
# (C) 2007-2014 Mentor Graphics Corporation
# (C) 2007-2014 Cadence Design Systems, Inc.
# (C) 2006-2014 Synopsys, Inc.
# (C) 2011-2013 Cypress Semiconductor Corp.
# (C) 2013-2014 NVIDIA Corporation
# ----------------------------------------------------------------
# 
#   ***********       IMPORTANT RELEASE NOTES         ************
# 
#   You are using a version of the UVM library that has been compiled
#   with `UVM_NO_DEPRECATED undefined.
#   See http://www.eda.org/svdb/view.php?id=3313 for more details.
# 
#   You are using a version of the UVM library that has been compiled
#   with `UVM_OBJECT_DO_NOT_NEED_CONSTRUCTOR undefined.
#   See http://www.eda.org/svdb/view.php?id=3770 for more details.
# 
#       (Specify +UVM_NO_RELNOTES to turn off this notice)
# 
# UVM_INFO /home/bogdanov/altera/24.1std/questa_fse/verilog_src/questa_uvm_pkg-1.2/src/questa_uvm_pkg.sv(277) @ 0: reporter [Questa UVM] QUESTA_UVM-1.2.3
# UVM_INFO /home/bogdanov/altera/24.1std/questa_fse/verilog_src/questa_uvm_pkg-1.2/src/questa_uvm_pkg.sv(278) @ 0: reporter [Questa UVM]  questa_uvm::init(+struct)
# [TB] Loading RAM init file: out_2025-06-18/asm_test/riscv_arithmetic_basic_test_403906.o.mem
# [TB] Opening trace log for writing: out_2025-06-18/rtl_trace_403906.log
# ECALL instruction detected at PC=0x80003ce0. Finishing simulation.
# ** Note: $finish    : uvm_env/tb_top.sv(128)
#    Time: 38985 ns  Iteration: 0  Instance: /tb_top
# End time: 17:36:46 on Jun 18,2025, Elapsed time: 0:00:01
# Errors: 0, Warnings: 2
Reading pref.tcl

# 2024.3

# vsim -c -sv_lib /home/bogdanov/altera/24.1std/questa_fse/uvm-1.2/linux_x86_64/uvm_dpi -cpppath /usr/bin/gcc smoke_top "+ram_init_file=out_2025-06-18/asm_test/riscv_arithmetic_basic_test_478806.o.mem" "+trace_log=out_2025-06-18/rtl_trace_478806.log" -do "run -all; quit" 
# Start time: 17:36:47 on Jun 18,2025
# Loading /tmp/bogdanov@apu-abo_dpi_3025142/linux_x86_64_gcc-13/export_tramp.so
# //  Questa Intel Starter FPGA Edition-64
# //  Version 2024.3 linux_x86_64 Sep 10 2024
# //
# // Unpublished work. Copyright 2024 Siemens
# //
# // This material contains trade secrets or otherwise confidential information
# // owned by Siemens Industry Software Inc. or its affiliates (collectively,
# // "SISW"), or its licensors. Access to and use of this information is strictly
# // limited as set forth in the Customer's applicable agreements with SISW.
# //
# // This material may not be copied, distributed, or otherwise disclosed outside
# // of the Customer's facilities without the express written permission of SISW,
# // and may not be used in any way not expressly authorized by SISW.
# //
# Loading sv_std.std
# Loading work.uvm_pkg(fast)
# Loading work.questa_uvm_pkg(fast)
# Loading work.tb_top(fast)
# Loading work.instruction_memory(fast)
# Loading work.data_memory(fast)
# Loading work.cpu_top(fast)
# Loading work.processor(fast)
# Loading work.CPU_controller(fast)
# Loading work.program_counter(fast)
# Loading work.multiplexor(fast)
# Loading work.adder(fast)
# Loading work.register_file(fast)
# Loading work.imm_gen(fast)
# Loading work.ALU(fast)
# Loading work.ALU_controller(fast)
# Loading work.cpu_formal_if(fast__1)
# ** Warning: (vsim-3015) [PCDPC] - Port size (4) does not match connection size (32) for port 'address'. The port definition is at: uvm_env/cpu_top.sv(20).
#    Time: 0 ps  Iteration: 0  Instance: /tb_top/dut File: uvm_env/tb_top.sv Line: 86
# ** Warning: (vsim-3015) [PCDPC] - Port size (32) does not match connection size (4) for port 'address'. The port definition is at: rtl/processor.v(15).
#    Time: 0 ps  Iteration: 0  Instance: /tb_top/dut/processor_inst File: uvm_env/cpu_top.sv Line: 31
# Compiling /tmp/bogdanov@apu-abo_dpi_3025142/linux_x86_64_gcc-13/exportwrapper.c
# Loading /tmp/bogdanov@apu-abo_dpi_3025142/linux_x86_64_gcc-13/vsim_auto_compile.so
# Loading /home/bogdanov/altera/24.1std/questa_fse/uvm-1.2/linux_x86_64/uvm_dpi.so
# run -all
# UVM_INFO /home/bogdanov/altera/24.1std/questa_fse/verilog_src/uvm-1.2/src/base/uvm_root.svh(392) @ 0: reporter [UVM/RELNOTES] 
# ----------------------------------------------------------------
# UVM-1.2
# (C) 2007-2014 Mentor Graphics Corporation
# (C) 2007-2014 Cadence Design Systems, Inc.
# (C) 2006-2014 Synopsys, Inc.
# (C) 2011-2013 Cypress Semiconductor Corp.
# (C) 2013-2014 NVIDIA Corporation
# ----------------------------------------------------------------
# 
#   ***********       IMPORTANT RELEASE NOTES         ************
# 
#   You are using a version of the UVM library that has been compiled
#   with `UVM_NO_DEPRECATED undefined.
#   See http://www.eda.org/svdb/view.php?id=3313 for more details.
# 
#   You are using a version of the UVM library that has been compiled
#   with `UVM_OBJECT_DO_NOT_NEED_CONSTRUCTOR undefined.
#   See http://www.eda.org/svdb/view.php?id=3770 for more details.
# 
#       (Specify +UVM_NO_RELNOTES to turn off this notice)
# 
# UVM_INFO /home/bogdanov/altera/24.1std/questa_fse/verilog_src/questa_uvm_pkg-1.2/src/questa_uvm_pkg.sv(277) @ 0: reporter [Questa UVM] QUESTA_UVM-1.2.3
# UVM_INFO /home/bogdanov/altera/24.1std/questa_fse/verilog_src/questa_uvm_pkg-1.2/src/questa_uvm_pkg.sv(278) @ 0: reporter [Questa UVM]  questa_uvm::init(+struct)
# [TB] Loading RAM init file: out_2025-06-18/asm_test/riscv_arithmetic_basic_test_478806.o.mem
# [TB] Opening trace log for writing: out_2025-06-18/rtl_trace_478806.log
# ** Note: $finish    : uvm_env/tb_top.sv(82)
#    Time: 40005 ns  Iteration: 0  Instance: /tb_top
# End time: 17:36:48 on Jun 18,2025, Elapsed time: 0:00:01
# Errors: 0, Warnings: 2
Reading pref.tcl

# 2024.3

# vsim -c -sv_lib /home/bogdanov/altera/24.1std/questa_fse/uvm-1.2/linux_x86_64/uvm_dpi -cpppath /usr/bin/gcc smoke_top "+ram_init_file=out_2025-06-18/asm_test/riscv_arithmetic_basic_test_740768.o.mem" "+trace_log=out_2025-06-18/rtl_trace_740768.log" -do "run -all; quit" 
# Start time: 17:36:49 on Jun 18,2025
# Loading /tmp/bogdanov@apu-abo_dpi_3025266/linux_x86_64_gcc-13/export_tramp.so
# //  Questa Intel Starter FPGA Edition-64
# //  Version 2024.3 linux_x86_64 Sep 10 2024
# //
# // Unpublished work. Copyright 2024 Siemens
# //
# // This material contains trade secrets or otherwise confidential information
# // owned by Siemens Industry Software Inc. or its affiliates (collectively,
# // "SISW"), or its licensors. Access to and use of this information is strictly
# // limited as set forth in the Customer's applicable agreements with SISW.
# //
# // This material may not be copied, distributed, or otherwise disclosed outside
# // of the Customer's facilities without the express written permission of SISW,
# // and may not be used in any way not expressly authorized by SISW.
# //
# Loading sv_std.std
# Loading work.uvm_pkg(fast)
# Loading work.questa_uvm_pkg(fast)
# Loading work.tb_top(fast)
# Loading work.instruction_memory(fast)
# Loading work.data_memory(fast)
# Loading work.cpu_top(fast)
# Loading work.processor(fast)
# Loading work.CPU_controller(fast)
# Loading work.program_counter(fast)
# Loading work.multiplexor(fast)
# Loading work.adder(fast)
# Loading work.register_file(fast)
# Loading work.imm_gen(fast)
# Loading work.ALU(fast)
# Loading work.ALU_controller(fast)
# Loading work.cpu_formal_if(fast__1)
# ** Warning: (vsim-3015) [PCDPC] - Port size (4) does not match connection size (32) for port 'address'. The port definition is at: uvm_env/cpu_top.sv(20).
#    Time: 0 ps  Iteration: 0  Instance: /tb_top/dut File: uvm_env/tb_top.sv Line: 86
# ** Warning: (vsim-3015) [PCDPC] - Port size (32) does not match connection size (4) for port 'address'. The port definition is at: rtl/processor.v(15).
#    Time: 0 ps  Iteration: 0  Instance: /tb_top/dut/processor_inst File: uvm_env/cpu_top.sv Line: 31
# Compiling /tmp/bogdanov@apu-abo_dpi_3025266/linux_x86_64_gcc-13/exportwrapper.c
# Loading /tmp/bogdanov@apu-abo_dpi_3025266/linux_x86_64_gcc-13/vsim_auto_compile.so
# Loading /home/bogdanov/altera/24.1std/questa_fse/uvm-1.2/linux_x86_64/uvm_dpi.so
# run -all
# UVM_INFO /home/bogdanov/altera/24.1std/questa_fse/verilog_src/uvm-1.2/src/base/uvm_root.svh(392) @ 0: reporter [UVM/RELNOTES] 
# ----------------------------------------------------------------
# UVM-1.2
# (C) 2007-2014 Mentor Graphics Corporation
# (C) 2007-2014 Cadence Design Systems, Inc.
# (C) 2006-2014 Synopsys, Inc.
# (C) 2011-2013 Cypress Semiconductor Corp.
# (C) 2013-2014 NVIDIA Corporation
# ----------------------------------------------------------------
# 
#   ***********       IMPORTANT RELEASE NOTES         ************
# 
#   You are using a version of the UVM library that has been compiled
#   with `UVM_NO_DEPRECATED undefined.
#   See http://www.eda.org/svdb/view.php?id=3313 for more details.
# 
#   You are using a version of the UVM library that has been compiled
#   with `UVM_OBJECT_DO_NOT_NEED_CONSTRUCTOR undefined.
#   See http://www.eda.org/svdb/view.php?id=3770 for more details.
# 
#       (Specify +UVM_NO_RELNOTES to turn off this notice)
# 
# UVM_INFO /home/bogdanov/altera/24.1std/questa_fse/verilog_src/questa_uvm_pkg-1.2/src/questa_uvm_pkg.sv(277) @ 0: reporter [Questa UVM] QUESTA_UVM-1.2.3
# UVM_INFO /home/bogdanov/altera/24.1std/questa_fse/verilog_src/questa_uvm_pkg-1.2/src/questa_uvm_pkg.sv(278) @ 0: reporter [Questa UVM]  questa_uvm::init(+struct)
# [TB] Loading RAM init file: out_2025-06-18/asm_test/riscv_arithmetic_basic_test_740768.o.mem
# [TB] Opening trace log for writing: out_2025-06-18/rtl_trace_740768.log
# ECALL instruction detected at PC=0x80001838. Finishing simulation.
# ** Note: $finish    : uvm_env/tb_top.sv(128)
#    Time: 15525 ns  Iteration: 0  Instance: /tb_top
# End time: 17:36:49 on Jun 18,2025, Elapsed time: 0:00:00
# Errors: 0, Warnings: 2
=========================================================
           Running RTL Simulation for SEED = 923447
=========================================================
--- Converting ELF to Verilog memory format ---
--- Converting Spike log to CSV ---
--- Running RTL Simulation ---
--- Converting RTL log to CSV ---
--- Comparing RTL CSV with Spike CSV ---
None : out_2025-06-18/spike_trace_923447.csv
None : out_2025-06-18/rtl_trace_923447.csv
[PASSED]: 2768 matched


SEED 923447: PASS - CSVs are identical
=========================================================
           Running RTL Simulation for SEED = 212120
=========================================================
--- Converting ELF to Verilog memory format ---
--- Converting Spike log to CSV ---
--- Running RTL Simulation ---
--- Converting RTL log to CSV ---
--- Comparing RTL CSV with Spike CSV ---
None : out_2025-06-18/spike_trace_212120.csv
None : out_2025-06-18/rtl_trace_212120.csv
[PASSED]: 2702 matched


SEED 212120: PASS - CSVs are identical
=========================================================
           Running RTL Simulation for SEED = 96726
=========================================================
--- Converting ELF to Verilog memory format ---
--- Converting Spike log to CSV ---
--- Running RTL Simulation ---
--- Converting RTL log to CSV ---
--- Comparing RTL CSV with Spike CSV ---
None : out_2025-06-18/spike_trace_96726.csv
None : out_2025-06-18/rtl_trace_96726.csv
[PASSED]: 1879 matched


SEED 96726: PASS - CSVs are identical
=========================================================
           Running RTL Simulation for SEED = 454664
=========================================================
--- Converting ELF to Verilog memory format ---
--- Converting Spike log to CSV ---
--- Running RTL Simulation ---
--- Converting RTL log to CSV ---
--- Comparing RTL CSV with Spike CSV ---
None : out_2025-06-18/spike_trace_454664.csv
None : out_2025-06-18/rtl_trace_454664.csv
[PASSED]: 3054 matched


SEED 454664: PASS - CSVs are identical
=========================================================
           Running RTL Simulation for SEED = 184160
=========================================================
--- Converting ELF to Verilog memory format ---
--- Converting Spike log to CSV ---
--- Running RTL Simulation ---
--- Converting RTL log to CSV ---
--- Comparing RTL CSV with Spike CSV ---
None : out_2025-06-18/spike_trace_184160.csv
None : out_2025-06-18/rtl_trace_184160.csv
[PASSED]: 3041 matched


SEED 184160: PASS - CSVs are identical
=========================================================
           Running RTL Simulation for SEED = 403906
=========================================================
--- Converting ELF to Verilog memory format ---
--- Converting Spike log to CSV ---
--- Running RTL Simulation ---
--- Converting RTL log to CSV ---
--- Comparing RTL CSV with Spike CSV ---
None : out_2025-06-18/spike_trace_403906.csv
None : out_2025-06-18/rtl_trace_403906.csv
[PASSED]: 2916 matched


SEED 403906: PASS - CSVs are identical
=========================================================
           Running RTL Simulation for SEED = 478806
=========================================================
--- Converting ELF to Verilog memory format ---
--- Converting Spike log to CSV ---
--- Running RTL Simulation ---
--- Converting RTL log to CSV ---
--- Comparing RTL CSV with Spike CSV ---
None : out_2025-06-18/spike_trace_478806.csv
None : out_2025-06-18/rtl_trace_478806.csv
[PASSED]: 3009 matched


SEED 478806: PASS - CSVs are identical
=========================================================
           Running RTL Simulation for SEED = 740768
=========================================================
--- Converting ELF to Verilog memory format ---
--- Converting Spike log to CSV ---
--- Running RTL Simulation ---
--- Converting RTL log to CSV ---
--- Comparing RTL CSV with Spike CSV ---
None : out_2025-06-18/spike_trace_740768.csv
None : out_2025-06-18/rtl_trace_740768.csv
[PASSED]: 1141 matched


SEED 740768: PASS - CSVs are identical
=========================================================
                 REGRESSION SUMMARY
=========================================================
REPORT: pass = 8, fail = 0
=========================================================
REGRESSION PASSED
